<?xml version="1.0" encoding="UTF-8"?>
<testng-results total="1" passed="1" failed="0" skipped="0">
  <reporter-output>
  </reporter-output>
  <suite started-at="2023-12-13T13:03:04Z" name="Suite" finished-at="2023-12-13T13:03:09Z" duration-ms="5465">
    <groups>
    </groups>
    <test started-at="2023-12-13T13:03:04Z" name="Test" finished-at="2023-12-13T13:03:09Z" duration-ms="5465">
      <class name="com.example.sample.SampleFb">
        <test-method signature="loginFacebook()" started-at="2023-12-13T13:03:04Z" name="loginFacebook" finished-at="2023-12-13T13:03:09Z" duration-ms="5455" status="PASS">
        </test-method>
      </class>
    </test>
  </suite>
</testng-results>
