<?xml version="1.0" encoding="UTF-8"?>
<testng-results skipped="0" failed="0" total="1" passed="1">
  <reporter-output>
  </reporter-output>
  <suite name="Suite" duration-ms="6542" started-at="2023-12-12T15:51:31Z" finished-at="2023-12-12T15:51:38Z">
    <groups>
    </groups>
    <test name="Test" duration-ms="6542" started-at="2023-12-12T15:51:31Z" finished-at="2023-12-12T15:51:38Z">
      <class name="com.example.sample.SampleFb">
        <test-method status="PASS" signature="loginFacebook()" name="loginFacebook" duration-ms="6530" started-at="2023-12-12T15:51:31Z" finished-at="2023-12-12T15:51:38Z">
        </test-method>
      </class>
    </test>
  </suite>
</testng-results>
